<?xml version="1.0" encoding="UTF-8"?>
<!-- Generated by org.testng.reporters.JUnitReportReporter -->
<testsuite hostname="probook" failures="0" tests="1" name="com.generic.LoginPageEvent" time="0.350" errors="0" timestamp="2022-02-18T04:08:01 EST" skipped="0">
  <testcase classname="com.generic.LoginPageEvent" name="getLogin" time="0.350"/>
  <system-out/>
</testsuite> <!-- com.generic.LoginPageEvent -->
