<?xml version="1.0" encoding="UTF-8"?>
<!-- Generated by org.testng.reporters.JUnitReportReporter -->
<testsuite hostname="probook" failures="0" tests="1" name="com.generic.Base" time="4.611" errors="0" timestamp="2022-02-18T00:47:57 EST" skipped="0">
  <testcase classname="com.generic.Base" name="openBrowser" time="4.611"/>
  <system-out/>
</testsuite> <!-- com.generic.Base -->
